*------------------------------------------------------------*
* Score Log
Date:                September 28, 2020
Time:                02:39:06
*------------------------------------------------------------*
11075  proc transpose data=EMWS1.Clus5_OUTVAR out=WORK.Clus5_OUTVAR(rename=(COl2=NAME) where=(COL1='IMPUTED'));
11076  var Age--Personal_Loanyes;
11077  where _TYPE_ in('TYPE' 'VARIABLE');
11078  run;

NOTE: There were 2 observations read from the data set EMWS1.CLUS5_OUTVAR.
      WHERE _TYPE_ in ('TYPE', 'VARIABLE');
NOTE: The data set WORK.CLUS5_OUTVAR has 0 observations and 4 variables.
NOTE: PROCEDURE TRANSPOSE used (Total process time):
      real time           0.01 seconds
      cpu time            0.01 seconds
      

11079  proc sort data=WORK.Clus5_OUTVAR;
11080  by NAME;
11081  run;

NOTE: Input data set is empty.
NOTE: The data set WORK.CLUS5_OUTVAR has 0 observations and 4 variables.
NOTE: PROCEDURE SORT used (Total process time):
      real time           0.00 seconds
      cpu time            0.01 seconds
      

11082  proc sort data=EMWS1.Clus5_VariableSet(KEEP=NAME ROLE LEVEL) out=WORK.Clus5_SORTEDVARS;
11083  by NAME;
11084  run;

NOTE: There were 8 observations read from the data set EMWS1.CLUS5_VARIABLESET.
NOTE: The data set WORK.CLUS5_SORTEDVARS has 8 observations and 3 variables.
NOTE: PROCEDURE SORT used (Total process time):
      real time           0.00 seconds
      cpu time            0.01 seconds
      

11085  data WORK.Clus5_OUTVAR;
11086  merge WORK.Clus5_OUTVAR(in=INVAR) WORK.Clus5_SORTEDVARS;
11087  by NAME;
11088  if INVAR then output;
11089  run;

WARNING: Multiple lengths were specified for the BY variable NAME by input data sets. This might cause unexpected results.
NOTE: There were 0 observations read from the data set WORK.CLUS5_OUTVAR.
NOTE: There were 8 observations read from the data set WORK.CLUS5_SORTEDVARS.
NOTE: The data set WORK.CLUS5_OUTVAR has 0 observations and 6 variables.
NOTE: DATA statement used (Total process time):
      real time           0.00 seconds
      cpu time            0.00 seconds
      

NOTE: This SAS session is using a registry in WORK.  All changes will be lost at the end of this session.
11090  filename emflow "C:\Users\20161277\Documents\CA assign 2 data\20161277_CAassignment2\Workspaces\EMWS1\Clus5\EMFLOWSCORE.sas";
11091  *------------------------------------------------------------*;
11092  * Clus5: Scoring DATA data;
11093  *------------------------------------------------------------*;
11094  data EMWS1.Clus5_TRAIN
11095  / view=EMWS1.Clus5_TRAIN
11096  ;
11097  set EMWS1.FIMPORT3_train
11098  ;
11099  %inc emflow;
11796  run;

NOTE: DATA STEP view saved on file EMWS1.CLUS5_TRAIN.
NOTE: A stored DATA STEP view cannot run under a different operating system.
NOTE: View EMWS1.FIMPORT3_TRAIN.VIEW used (Total process time):
      real time           0.03 seconds
      cpu time            0.03 seconds
      
NOTE: DATA statement used (Total process time):
      real time           0.04 seconds
      cpu time            0.06 seconds
      

11797  quit;
11798  filename emflow;
NOTE: Fileref EMFLOW has been deassigned.

11799  *------------------------------------------------------------*;
11800  * Clus5: Computing metadata for TRAIN data;
11801  *------------------------------------------------------------*;

NOTE: View EMWS1.CLUS5_TRAIN.VIEW used (Total process time):
      real time           0.04 seconds
      cpu time            0.04 seconds
      
NOTE: View EMWS1.CLUS5_TRAIN.VIEW used (Total process time):
      real time           0.05 seconds
      cpu time            0.06 seconds
      
