*------------------------------------------------------------*
* Score Log
Date:                September 27, 2020
Time:                13:55:56
*------------------------------------------------------------*
11074  proc transpose data=EMWS1.Clus7_OUTVAR out=WORK.Clus7_OUTVAR(rename=(COl2=NAME) where=(COL1='IMPUTED'));
11075  var Age--Marital_Statuessingle;
11076  where _TYPE_ in('TYPE' 'VARIABLE');
11077  run;

NOTE: There were 2 observations read from the data set EMWS1.CLUS7_OUTVAR.
      WHERE _TYPE_ in ('TYPE', 'VARIABLE');
NOTE: The data set WORK.CLUS7_OUTVAR has 0 observations and 4 variables.
NOTE: PROCEDURE TRANSPOSE used (Total process time):
      real time           0.00 seconds
      cpu time            0.00 seconds
      

11078  proc sort data=WORK.Clus7_OUTVAR;
11079  by NAME;
11080  run;

NOTE: Input data set is empty.
NOTE: The data set WORK.CLUS7_OUTVAR has 0 observations and 4 variables.
NOTE: PROCEDURE SORT used (Total process time):
      real time           0.00 seconds
      cpu time            0.00 seconds
      

11081  proc sort data=EMWS1.Clus7_VariableSet(KEEP=NAME ROLE LEVEL) out=WORK.Clus7_SORTEDVARS;
11082  by NAME;
11083  run;

NOTE: There were 10 observations read from the data set EMWS1.CLUS7_VARIABLESET.
NOTE: The data set WORK.CLUS7_SORTEDVARS has 10 observations and 3 variables.
NOTE: PROCEDURE SORT used (Total process time):
      real time           0.00 seconds
      cpu time            0.01 seconds
      

11084  data WORK.Clus7_OUTVAR;
11085  merge WORK.Clus7_OUTVAR(in=INVAR) WORK.Clus7_SORTEDVARS;
11086  by NAME;
11087  if INVAR then output;
11088  run;

WARNING: Multiple lengths were specified for the BY variable NAME by input data sets. This might cause unexpected results.
NOTE: There were 0 observations read from the data set WORK.CLUS7_OUTVAR.
NOTE: There were 10 observations read from the data set WORK.CLUS7_SORTEDVARS.
NOTE: The data set WORK.CLUS7_OUTVAR has 0 observations and 6 variables.
NOTE: DATA statement used (Total process time):
      real time           0.00 seconds
      cpu time            0.01 seconds
      

NOTE: This SAS session is using a registry in WORK.  All changes will be lost at the end of this session.
11089  filename emflow "C:\Users\20161277\Documents\CA assign 2 data\20161277_CAassignment2\Workspaces\EMWS1\Clus7\EMFLOWSCORE.sas";
11090  *------------------------------------------------------------*;
11091  * Clus7: Scoring DATA data;
11092  *------------------------------------------------------------*;
11093  data EMWS1.Clus7_TRAIN
11094  / view=EMWS1.Clus7_TRAIN
11095  ;
11096  set EMWS1.FIMPORT4_train
11097  ;
11098  %inc emflow;
11658  run;

NOTE: DATA STEP view saved on file EMWS1.CLUS7_TRAIN.
NOTE: A stored DATA STEP view cannot run under a different operating system.
NOTE: View EMWS1.FIMPORT4_TRAIN.VIEW used (Total process time):
      real time           0.03 seconds
      cpu time            0.03 seconds
      
NOTE: DATA statement used (Total process time):
      real time           0.04 seconds
      cpu time            0.04 seconds
      

11659  quit;
11660  filename emflow;
NOTE: Fileref EMFLOW has been deassigned.

11661  *------------------------------------------------------------*;
11662  * Clus7: Computing metadata for TRAIN data;
11663  *------------------------------------------------------------*;

NOTE: View EMWS1.CLUS7_TRAIN.VIEW used (Total process time):
      real time           0.04 seconds
      cpu time            0.04 seconds
      
NOTE: View EMWS1.CLUS7_TRAIN.VIEW used (Total process time):
      real time           0.06 seconds
      cpu time            0.06 seconds
      
