*------------------------------------------------------------*
* Score Log
Date:                September 23, 2020
Time:                10:36:30
*------------------------------------------------------------*
11285  *------------------------------------------------------------*;
11286  * Stat2: Scoring DATA data;
11287  *------------------------------------------------------------*;
11288  data EMWS1.Stat2_TRAIN
11289  / view=EMWS1.Stat2_TRAIN
11290  ;
11291  set EMWS1.Filter2_TRAIN
11292  ;
11293  run;

NOTE: DATA STEP view saved on file EMWS1.STAT2_TRAIN.
NOTE: A stored DATA STEP view cannot run under a different operating system.
NOTE: View EMWS1.FILTER2_TRAIN.VIEW used (Total process time):
      real time           0.03 seconds
      cpu time            0.03 seconds
      
NOTE: DATA statement used (Total process time):
      real time           0.04 seconds
      cpu time            0.04 seconds
      

11294  quit;

11295  *------------------------------------------------------------*;
11296  * Stat2: Computing metadata for TRAIN data;
11297  *------------------------------------------------------------*;

NOTE: View EMWS1.STAT2_TRAIN.VIEW used (Total process time):
      real time           0.06 seconds
      cpu time            0.06 seconds
      
NOTE: View EMWS1.STAT2_TRAIN.VIEW used (Total process time):
      real time           0.06 seconds
      cpu time            0.06 seconds
      
