 
                                                                                                                                                                                                                                                                
 
 
Variable Summary

            Measurement    Frequency
Role           Level         Count

ID           NOMINAL           1    
INPUT        INTERVAL          1    
INPUT        NOMINAL           3    
REJECTED     INTERVAL          2    
REJECTED     NOMINAL           5    
SEGMENT      NOMINAL           1    
TARGET       NOMINAL           1    
 
                                                                                                                                                                                                                                                                
 
 
Frequencies: _SEGMENT_

                                     Percent of
 Segment     Segment    Frequency       Total
Variable      Value       Count       Frequency

_SEGMENT_       1          19326       56.8629 
_SEGMENT_       5          12049       35.4518 
_SEGMENT_       3           2000        5.8846 
_SEGMENT_       4            492        1.4476 
_SEGMENT_       2            120        0.3531 
 
                                                                                                                                                                                                                                                                
 
Variable: _SEGMENT_ Segment: 1 Count: 19326
Decision Tree Importance Profiles

Variable               Worth     Rank

Contact_Type          0.40372      1 
Number_of_Contacts    0.06426      2 
Mortage               0.00237      3 
Personal_Loan         0.00011      4 
 
                                                                                                                                                                                                                                                                
 
Variable: _SEGMENT_ Segment: 5 Count: 12049
Decision Tree Importance Profiles

Variable               Worth     Rank

Contact_Type          0.40266      1 
Number_of_Contacts    0.01777      2 
Mortage               0.00277      3 
Personal_Loan         0.00000      4 
 
                                                                                                                                                                                                                                                                
 
Variable: _SEGMENT_ Segment: 3 Count: 2000
Decision Tree Importance Profiles

Variable                Worth     Rank

Number_of_Contacts    0.095910      1 
Contact_Type          0.000114      2 
Personal_Loan         0.000007      3 
Mortage               0.000006      4 
 
                                                                                                                                                                                                                                                                
 
Variable: _SEGMENT_ Segment: 4 Count: 492
Decision Tree Importance Profiles

Variable                Worth     Rank

Number_of_Contacts    0.025008      1 
Contact_Type          0.000135      2 
Mortage               0.000021      3 
Personal_Loan         0.000000      4 
 
                                                                                                                                                                                                                                                                
 
Variable: _SEGMENT_ Segment: 2 Count: 120
Decision Tree Importance Profiles

Variable                   Worth    Rank

Number_of_Contacts    .006716851      1 
Contact_Type          .000002893      2 
Personal_Loan         .000000232      3 
Mortage               .000000127      4 
