*------------------------------------------------------------*
* Score Log
Date:                September 27, 2020
Time:                13:55:02
*------------------------------------------------------------*
16049  %let EMEXCEPTIONSTRING=;
16050  *------------------------------------------------------------*;
16051  * SCORE: FIMPORT5;
16052  *------------------------------------------------------------*;
16053  %let EM_ACTION = SCORE;
16054  %let syscc = 0;
16055  /* Fimport.source */
16056  %macro main;
16057        %if %upcase(&EM_ACTION) = CREATE %then %do;
16058           filename temp catalog 'sashelp.emsamp.Fimport_create.source';
16059           %include temp;
16060           filename temp;
16061           %create;
16062        %end;
16063        %else
16064        %if %upcase(&EM_ACTION) = TRAIN %then %do;
16065           filename temp catalog 'sashelp.emsamp.Fimport_train.source';
16066           %include temp;
16067           filename temp;
16068           %train;
16069        %end;
16070        %else
16071        %if %upcase(&EM_ACTION) = UPDATE %then %do;
16072           filename temp catalog 'sashelp.emsamp.Fimport_update.source';
16073           %include temp;
16074           filename temp;
16075           %update;
16076        %end;
16077        %else
16078        %if %upcase(&EM_ACTION) = PROPERTY %then %do;
16079           filename temp catalog 'sashelp.emsamp.Fimport_actions.source';
16080           %include temp;
16081           filename temp;
16082           %property;
16083        %end;
16084         %else
16085        %if %upcase(&EM_ACTION) = SCORE %then %do;
16086           filename temp catalog 'sashelp.emsamp.Fimport_score.source';
16087           %include temp;
16088           filename temp;
16089           %score;
16090        %end;
16091        %else
16092        %if %upcase(&EM_ACTION) = REPORT %then %do;
16093           filename temp catalog 'sashelp.emsamp.Fimport_report.source';
16094           %include temp;
16095           filename temp;
16096           %report;
16097        %end;
16098        %else
16099        %if %upcase(&EM_ACTION) = OPENVARIABLESET %then %do;
16100           filename temp catalog 'sashelp.emsamp.Fimport_actions.source';
16101           %include temp;
16102           filename temp;
16103           %openvariableset;
16104        %end;
16105        %else
16106        %if %upcase(&EM_ACTION) = CLOSEVARIABLESET %then %do;
16107           filename temp catalog 'sashelp.emsamp.Fimport_actions.source';
16108           %include temp;
16109           filename temp;
16110           %closevariableset;
16111        %end;
16112  %mend main;
16113  %main;
NOTE: %INCLUDE (level 1) file TEMP is file SASHELP.EMSAMP.FIMPORT_SCORE.SOURCE.
16114 +%macro score;
16115 +
16116 +   filename x "&EM_NODEDIR.&EM_DSEP._updatePath.st";
16117 +   data _null_;
16118 +      file x;
16119 +      put ' ';
16120 +   run;
16121 +   filename x;
16122 +
16123 +   %em_getname(key=DATA, type=DATA);
16124 +   %if %sysfunc(exist(&em_user_data)) %then %do;
16125 +       data &em_export_train / view=&em_export_train;
16126 +          set &em_user_data;
16127 +       run;
16128 +   %end;
16129 +
16130 +%mend score;
NOTE: %INCLUDE (level 1) ending.
NOTE: Fileref TEMP has been deassigned.

NOTE: The file X is:
      Filename=C:\Users\20161277\Documents\CA assign 2 data\20161277_CAassignment2\Workspaces\EMWS1\FIMPORT5\_updatePath.st,
      RECFM=V,LRECL=32767,File Size (bytes)=0,
      Last Modified=27Sep2020:13:55:01,
      Create Time=27Sep2020:13:55:01

NOTE: 1 record was written to the file X.
      The minimum record length was 1.
      The maximum record length was 1.
NOTE: DATA statement used (Total process time):
      real time           0.00 seconds
      cpu time            0.00 seconds
      

NOTE: Fileref X has been deassigned.

NOTE: DATA STEP view saved on file EMWS1.FIMPORT5_TRAIN.
NOTE: A stored DATA STEP view cannot run under a different operating system.
NOTE: DATA statement used (Total process time):
      real time           0.00 seconds
      cpu time            0.00 seconds
      

16131  *------------------------------------------------------------*;
16132  * End SCORE: FIMPORT5;
16133  *------------------------------------------------------------*;

16135  *------------------------------------------------------------*;
16136  * FIMPORT5: Computing metadata for TRAIN data;
16137  *------------------------------------------------------------*;

NOTE: View EMWS1.FIMPORT5_TRAIN.VIEW used (Total process time):
      real time           0.02 seconds
      cpu time            0.03 seconds
      
WARNING: The variable DROP in the DROP, KEEP, or RENAME list has never been referenced.
NOTE: View EMWS1.FIMPORT5_TRAIN.VIEW used (Total process time):
      real time           0.02 seconds
      cpu time            0.01 seconds
      
