 
                                                                                                                                                                                                                                                                
 
 
Variable Summary

          Measurement    Frequency
 Role        Level         Count

INPUT      INTERVAL          2    
INPUT      NOMINAL           6    
TARGET     NOMINAL           1    
 
                                                                                                                                                                                                                                                                
 
 

The CONTENTS Procedure

Data Set Name        EMWS1.FIMPORT3_DATA           Observations          38245
Member Type          DATA                          Variables             9    
Engine               V9                            Indexes               0    
Created              09/25/2020 18:32:23           Observation Length    80   
Last Modified        09/25/2020 18:32:23           Deleted Observations  0    
Protection                                         Compressed            NO   
Data Set Type                                      Sorted                NO   
Label                                                                         
Data Representation  WINDOWS_64                                               
Encoding             wlatin1  Western (Windows)                               


                                                   Engine/Host Dependent Information

Data Set Page Size          65536                                                                                                      
Number of Data Set Pages    47                                                                                                         
First Data Page             1                                                                                                          
Max Obs per Page            817                                                                                                        
Obs in First Data Page      792                                                                                                        
Number of Data Set Repairs  0                                                                                                          
ExtendObsCounter            YES                                                                                                        
Filename                    C:\Users\20161277\Documents\CA assign 2 data\20161277_CAassignment2\Workspaces\EMWS1\fimport3_data.sas7bdat
Release Created             9.0401M3                                                                                                   
Host Created                X64_DS08R2                                                                                                 


         Alphabetic List of Variables and Attributes
 
#    Variable              Type    Len    Format     Informat

1    Age                   Num       8    BEST12.    BEST32. 
2    Career                Char     14    $14.       $14.    
7    Contact_Type          Char      9    $9.        $9.     
4    Education             Char     22    $22.       $22.    
3    Marital_Statues       Char      8    $8.        $8.     
5    Mortage               Char      3    $3.        $3.     
8    Number_of_Contacts    Num       8    BEST12.    BEST32. 
6    Personal_Loan         Char      3    $3.        $3.     
9    Subscribed            Char      3    $3.        $3.     
