*------------------------------------------------------------*
* Report Log
Date:                September 27, 2020
Time:                13:56:18
*------------------------------------------------------------*
16966  %let EMEXCEPTIONSTRING=;
16967  *------------------------------------------------------------*;
16968  * REPORT: Prof7;
16969  *------------------------------------------------------------*;
16970  %let EM_ACTION = REPORT;
16971  %let syscc = 0;
16972  %macro main;
16973     %if %sysfunc(indexw(&EM_DEBUG, _ALL_)) or %sysfunc(indexw(&EM_DEBUG, SOURCE)) %then %do;
16974         options MPRINT;
16975     %end;
16976  
16977     filename temp catalog 'sashelp.emexpl.profile_macros.source';
16978     %include temp;
16979     filename temp;
16980  
16981     /* Initialize property macro variables */
16982     %SetProperties;
16983  
16984     %if %upcase(&EM_ACTION) = CREATE %then %do;
16985  
16986         filename temp catalog 'sashelp.emexpl.profile_create.source';
16987         %include temp;
16988         filename temp;
16989         %create;
16990     %end;
16991     %else
16992     %if %upcase(&EM_ACTION) = TRAIN %then %do;
16993  
16994         filename temp catalog 'sashelp.emexpl.profile_train.source';
16995         %include temp;
16996         filename temp;
16997         %train;
16998     %end;
16999  %mend main;
17000  
17001  %main;
NOTE: %INCLUDE (level 1) file TEMP is file SASHELP.EMEXPL.PROFILE_MACROS.SOURCE.
17002 +%macro SetProperties;
17003 +   %em_checkmacro(name=EM_PROPERTY_PROFILEALL,         global=Y, value=N);
17004 +   %em_checkmacro(name=EM_PROPERTY_USEREPORTVARS,      global=Y, value=Y);
17005 +   %em_checkmacro(name=EM_PROPERTY_OTHERPERCENTCUTOFF, global=Y, value=95);
17006 +   %em_checkmacro(name=EM_PROPERTY_TARGETROLE,         global=Y, value=NONE);
17007 +   %em_checkmacro(name=EM_PROPERTY_NUMHISTBARS,        global=Y, value=8);
17008 +   %em_checkmacro(name=EM_PROPERTY_MINWORTH,           global=Y, value=0.01);
17009 +   %em_checkmacro(name=EM_PROPERTY_MAXDEPTH,           global=Y, value=1);
17010 +   %em_checkmacro(name=EM_PROPERTY_MAXNUMREPORT,       global=Y, value=10);
17011 +   %em_checkmacro(name=EM_PROPERTY_MAXNUMINPUT,        global=Y, value=10);
17012 +   %em_checkmacro(name=EM_PROPERTY_PRINTWORTH,         global=Y, value=Y);
17013 +%mend SetProperties;
17014 +
17015 +
17016 +%macro makeVarMacros(level= );
17017 +
17018 +    %let numvars = 0;
17019 +    %let where   = '';
17020 +
17021 +    %if (%upcase(&EM_PROPERTY_TARGETROLE) eq INPUT) %then
17022 +        %let where = (ROLE = 'REJECTED' and LEVEL="&level" and USE='Y') or (ROLE in('INPUT', 'TARGET') and LEVEL="&level"  and USE in('Y', 'D'));
17023 +    %else
17024 +        %let where = (ROLE = 'REJECTED' and LEVEL="&level" and USE='Y') or (ROLE ='INPUT' and LEVEL="&level" and USE in('Y', 'D'));
17025 +
17026 +    %if &level = INTERVAL %then %do;
17027 +        %let numvars = %eval( &EM_NUM_INTERVAL_INPUT + &EM_NUM_INTERVAL_REJECTED);
17028 +        %if (%upcase(&EM_PROPERTY_TARGETROLE) eq INPUT) %then
17029 +             %let numvars = %eval(&numvars + &EM_NUM_INTERVAL_TARGET);
17030 +    %end;
17031 +    %else %do;
17032 +        %if &level = NOMINAL %then %do;
17033 +            %let numvars = %eval(&EM_NUM_BINARY_INPUT + &EM_NUM_NOMINAL_INPUT +  &EM_NUM_BINARY_REJECTED + &EM_NUM_NOMINAL_REJECTED);
17034 +             %if (%upcase(&EM_PROPERTY_TARGETROLE) eq INPUT) %then %do;
17035 +                 %let numvars = %eval(&numvars + &EM_NUM_BINARY_TARGET + &EM_NUM_NOMINAL_TARGET);
17036 +                 %let where = (ROLE = 'REJECTED' and LEVEL in('NOMINAL', 'BINARY') and USE='Y') or (ROLE in('INPUT', 'TARGET') and LEVEL in('NOMINAL', 'BINARY') and USE in('Y', 'D'));
17037 +             %end;
17038 +             %else
17039 +                 %let where = (ROLE = 'REJECTED' and LEVEL in('NOMINAL', 'BINARY') and USE='Y') or (ROLE ='INPUT' and LEVEL in("NOMINAL", "BINARY") and USE in('Y', 'D'));
17040 +
17041 +        %end;
17042 +        %else %do;
17043 +            %let numvars = %eval(&EM_NUM_ORDINAL_INPUT + &EM_NUM_ORDINAL_REJECTED);
17044 +            %if (%upcase(&EM_PROPERTY_TARGETROLE) eq INPUT) %then
17045 +                %let numvars = %eval(&numvars + &EM_NUM_ORDINAL_TARGET);
17046 +        %end;
17047 +    %end;
17048 +
17049 +    %if &numvars>0 %then %do;
17050 +         %let numloop = %sysfunc(ceil(&numvars/10000));
17051 +         %let loopcount = 0;
17052 +
17053 +         %do %while((&numloop - &loopcount) > 0);
17054 +             %let first = %eval((&loopcount*10000) + 1);
17055 +             %let last  = %eval(&first + 10000);
17056 +             %let loopcount = %eval(&loopcount +1);
17057 +             %let centry = &EM_LIB..&EM_NODEID._MACS.&LEVEL._&loopcount..SOURCE;
17058 +             filename X catalog "&centry";
17059 +             data _null_;
17060 +                length _STRING_ $80;
17061 +                retain _STRING_ ;
17062 +                file X;
17063 +                set &EM_DATA_VARIABLESET(firstobs=&first obs=&last) end=eof;
17064 +
17065 +                where &where;
17066 +
17067 +                if _N_=1 then
17068 +                   put '%macro _PROFVAR;';
17069 +
17070 +                if (length(_STRING_) + length(trim(NAME))+ 1  < 80) then do;
17071 +                   _STRING_ = trim(_STRING_)!!' '!!trim(NAME);
17072 +                   if eof then do;
17073 +                      put _STRING_;
17074 +                      put '%mend _PROFVAR;';
17075 +                   end;
17076 +                end;
17077 +                else do;
17078 +                   put _STRING_;
17079 +                  _string_ = TRIM(NAME);
17080 +                   if eof then do;
17081 +                      put _string_;
17082 +                      put '%mend _PROFVAR;';
17083 +                   end;
17084 +                end;
17085 +             run;
17086 +             filename X;
17087 +         %end;
17088 +    %end;
17089 +
17090 +%mend makeVarMacros;
17091 +
17092 +
NOTE: %INCLUDE (level 1) ending.
NOTE: Fileref TEMP has been deassigned.
17093  *------------------------------------------------------------*;
17094  * End REPORT: Prof7;
17095  *------------------------------------------------------------*;

17096  /* Reset EM Options */
17097  options formchar="|----|+|---+=|-/\<>*";
17098  options nocenter ls=256 ps=10000;
17099  goptions reset=all device=GIF NODISPLAY;

