 
                                                                                                                                                                                                                                                                
 
 
Variable Summary

            Measurement    Frequency
Role           Level         Count

ID           NOMINAL           1    
INPUT        INTERVAL          1    
INPUT        NOMINAL           3    
REJECTED     INTERVAL          2    
REJECTED     NOMINAL           5    
SEGMENT      NOMINAL           1    
TARGET       NOMINAL           1    
 
                                                                                                                                                                                                                                                                
 
 
Frequencies: _SEGMENT_

                                     Percent of
 Segment     Segment    Frequency       Total
Variable      Value       Count       Frequency

_SEGMENT_       1          14483       37.8690 
_SEGMENT_       3          10375       27.1277 
_SEGMENT_       5           9177       23.9953 
_SEGMENT_       2           4192       10.9609 
_SEGMENT_       4             18        0.0471 
 
                                                                                                                                                                                                                                                                
 
Variable: _SEGMENT_ Segment: 1 Count: 14483
Decision Tree Importance Profiles

Variable            Worth     Rank

Marital_Statues    0.18689      1 
Age                0.14140      2 
Career             0.02030      3 
Education          0.00253      4 
 
                                                                                                                                                                                                                                                                
 
Variable: _SEGMENT_ Segment: 3 Count: 10375
Decision Tree Importance Profiles

Variable            Worth     Rank

Marital_Statues    0.37517      1 
Age                0.09077      2 
Career             0.03403      3 
Education          0.01435      4 
 
                                                                                                                                                                                                                                                                
 
Variable: _SEGMENT_ Segment: 5 Count: 9177
Decision Tree Importance Profiles

Variable            Worth     Rank

Age                0.24972      1 
Marital_Statues    0.05698      2 
Career             0.03725      3 
Education          0.01783      4 
 
                                                                                                                                                                                                                                                                
 
Variable: _SEGMENT_ Segment: 2 Count: 4192
Decision Tree Importance Profiles

Variable            Worth     Rank

Marital_Statues    0.18778      1 
Age                0.00544      2 
Career             0.00145      3 
Education          0.00023      4 
 
                                                                                                                                                                                                                                                                
 
Variable: _SEGMENT_ Segment: 4 Count: 18
Decision Tree Importance Profiles

Variable                Worth    Rank

Education          .000940856      1 
Age                .000003198      2 
Career             .000000786      3 
Marital_Statues    .000000117      4 
